-------------------------------------------------------------------------------
Test set: de.neuefische.maven.calculatorTest
-------------------------------------------------------------------------------
Tests run: 1, Failures: 1, Errors: 0, Skipped: 0, Time elapsed: 0.032 s <<< FAILURE! - in de.neuefische.maven.calculatorTest
calculatortest1  Time elapsed: 0.025 s  <<< FAILURE!
org.opentest4j.AssertionFailedError: expected: <6> but was: <5>
	at de.neuefische.maven.calculatorTest.calculatortest1(calculatorTest.java:11)

